build/app/intermediates/manifest_merge_blame_file/debug/manifest-merger-blame-debug-report.txt
1<?xml version="1.0" encoding="utf-8"?>
2<manifest xmlns:android="http://schemas.android.com/apk/res/android"
3    package="com.example.arcore_example"
4    android:versionCode="1"
5    android:versionName="1.0.0" >
6
7    <uses-sdk
8        android:minSdkVersion="24"
9        android:targetSdkVersion="33" />
10    <!--
11         Flutter needs it to communicate with the running application
12         to allow setting breakpoints, to provide hot reload, etc.
13    -->
14    <uses-permission android:name="android.permission.CAMERA" />
14-->src/debug/AndroidManifest.xml:6:7-67
14-->src/debug/AndroidManifest.xml:6:24-64
15
16    <!--
17         Indicates that app requires ARCore ("AR Required"). Ensures app is only
18         visible in the Google Play Store on devices that support ARCore.
19    -->
20    <uses-feature android:name="android.hardware.camera.ar" />
20-->src/debug/AndroidManifest.xml:11:5-62
20-->src/debug/AndroidManifest.xml:11:19-60
21
22    <!-- Sceneform requires OpenGL ES 3.0 or later. -->
23    <uses-feature
23-->src/debug/AndroidManifest.xml:14:5-78
24        android:glEsVersion="0x00030000"
24-->src/debug/AndroidManifest.xml:14:19-51
25        android:required="true" />
25-->src/debug/AndroidManifest.xml:14:52-75
26
27    <uses-permission android:name="android.permission.ACCESS_FINE_LOCATION" /> <!-- Don't require camera, as this requires a rear camera. This allows it to work on the Nexus 7 -->
27-->[:ar_flutter_plugin] AndroidManifest.xml:8:5-79
27-->[:ar_flutter_plugin] AndroidManifest.xml:8:22-76
28    <uses-feature
28-->[com.journeyapps:zxing-android-embedded:4.3.0] AndroidManifest.xml:25:5-27:36
29        android:name="android.hardware.camera"
29-->[com.journeyapps:zxing-android-embedded:4.3.0] AndroidManifest.xml:26:9-47
30        android:required="false" />
30-->[com.journeyapps:zxing-android-embedded:4.3.0] AndroidManifest.xml:27:9-33
31    <uses-feature
31-->[com.journeyapps:zxing-android-embedded:4.3.0] AndroidManifest.xml:28:5-30:36
32        android:name="android.hardware.camera.front"
32-->[com.journeyapps:zxing-android-embedded:4.3.0] AndroidManifest.xml:29:9-53
33        android:required="false" /> <!-- TODO replace above two with next line after Android 4.2 -->
33-->[com.journeyapps:zxing-android-embedded:4.3.0] AndroidManifest.xml:30:9-33
34    <!-- <uses-feature android:name="android.hardware.camera.any"/> -->
35    <uses-feature
35-->[com.journeyapps:zxing-android-embedded:4.3.0] AndroidManifest.xml:33:5-35:36
36        android:name="android.hardware.camera.autofocus"
36-->[com.journeyapps:zxing-android-embedded:4.3.0] AndroidManifest.xml:34:9-57
37        android:required="false" />
37-->[com.journeyapps:zxing-android-embedded:4.3.0] AndroidManifest.xml:35:9-33
38    <uses-feature
38-->[com.journeyapps:zxing-android-embedded:4.3.0] AndroidManifest.xml:36:5-38:36
39        android:name="android.hardware.camera.flash"
39-->[com.journeyapps:zxing-android-embedded:4.3.0] AndroidManifest.xml:37:9-53
40        android:required="false" />
40-->[com.journeyapps:zxing-android-embedded:4.3.0] AndroidManifest.xml:38:9-33
41    <uses-feature
41-->[com.journeyapps:zxing-android-embedded:4.3.0] AndroidManifest.xml:39:5-41:36
42        android:name="android.hardware.screen.landscape"
42-->[com.journeyapps:zxing-android-embedded:4.3.0] AndroidManifest.xml:40:9-57
43        android:required="false" />
43-->[com.journeyapps:zxing-android-embedded:4.3.0] AndroidManifest.xml:41:9-33
44    <uses-feature
44-->[com.journeyapps:zxing-android-embedded:4.3.0] AndroidManifest.xml:42:5-44:36
45        android:name="android.hardware.wifi"
45-->[com.journeyapps:zxing-android-embedded:4.3.0] AndroidManifest.xml:43:9-45
46        android:required="false" />
46-->[com.journeyapps:zxing-android-embedded:4.3.0] AndroidManifest.xml:44:9-33
47
48    <queries>
48-->[com.google.ar:core:1.22.0] AndroidManifest.xml:29:5-31:15
49        <package android:name="com.google.ar.core" />
49-->[com.google.ar:core:1.22.0] AndroidManifest.xml:30:9-54
49-->[com.google.ar:core:1.22.0] AndroidManifest.xml:30:18-51
50    </queries>
51
52    <application
53        android:name="android.app.Application"
53-->src/main/AndroidManifest.xml:5:9-42
54        android:appComponentFactory="androidx.core.app.CoreComponentFactory"
54-->[androidx.core:core:1.7.0] AndroidManifest.xml:24:18-86
55        android:debuggable="true"
56        android:extractNativeLibs="false"
57        android:icon="@mipmap/ic_launcher"
57-->src/main/AndroidManifest.xml:6:9-43
58        android:label="arcore_example" >
58-->src/main/AndroidManifest.xml:4:9-39
59
60        <!--
61             Indicates that app requires ARCore ("AR Required"). Causes Google
62             Play Store to download and install ARCore when the app is installed.
63        -->
64        <meta-data
64-->src/debug/AndroidManifest.xml:20:9-81
65            android:name="com.google.ar.core"
65-->src/debug/AndroidManifest.xml:20:20-53
66            android:value="optional" />
66-->src/debug/AndroidManifest.xml:20:54-78
67
68        <activity
68-->src/main/AndroidManifest.xml:7:9-27:20
69            android:name="com.example.arcore_example.MainActivity"
69-->src/main/AndroidManifest.xml:8:13-41
70            android:configChanges="orientation|keyboardHidden|keyboard|screenSize|smallestScreenSize|locale|layoutDirection|fontScale|screenLayout|density|uiMode"
70-->src/main/AndroidManifest.xml:12:13-163
71            android:exported="true"
71-->src/main/AndroidManifest.xml:9:13-36
72            android:hardwareAccelerated="true"
72-->src/main/AndroidManifest.xml:13:13-47
73            android:launchMode="singleTop"
73-->src/main/AndroidManifest.xml:10:13-43
74            android:theme="@style/LaunchTheme"
74-->src/main/AndroidManifest.xml:11:13-47
75            android:windowSoftInputMode="adjustResize" >
75-->src/main/AndroidManifest.xml:14:13-55
76
77            <!--
78                 Specifies an Android theme to apply to this Activity as soon as
79                 the Android process has started. This theme is visible to the user
80                 while the Flutter UI initializes. After that, this theme continues
81                 to determine the Window background behind the Flutter UI.
82            -->
83            <meta-data
83-->src/main/AndroidManifest.xml:19:13-22:17
84                android:name="io.flutter.embedding.android.NormalTheme"
84-->src/main/AndroidManifest.xml:20:15-70
85                android:resource="@style/NormalTheme" />
85-->src/main/AndroidManifest.xml:21:15-52
86
87            <intent-filter>
87-->src/main/AndroidManifest.xml:23:13-26:29
88                <action android:name="android.intent.action.MAIN" />
88-->src/main/AndroidManifest.xml:24:17-68
88-->src/main/AndroidManifest.xml:24:25-66
89
90                <category android:name="android.intent.category.LAUNCHER" />
90-->src/main/AndroidManifest.xml:25:17-76
90-->src/main/AndroidManifest.xml:25:27-74
91            </intent-filter>
92        </activity>
93        <!--
94 Don't delete the meta-data below.
95             This is used by the Flutter tool to generate GeneratedPluginRegistrant.java
96        -->
97        <meta-data
97-->src/main/AndroidManifest.xml:30:9-32:33
98            android:name="flutterEmbedding"
98-->src/main/AndroidManifest.xml:31:13-44
99            android:value="2" />
99-->src/main/AndroidManifest.xml:32:13-30
100
101        <uses-library
101-->[androidx.window:window:1.0.0-beta04] AndroidManifest.xml:25:9-27:40
102            android:name="androidx.window.extensions"
102-->[androidx.window:window:1.0.0-beta04] AndroidManifest.xml:26:13-54
103            android:required="false" />
103-->[androidx.window:window:1.0.0-beta04] AndroidManifest.xml:27:13-37
104        <uses-library
104-->[androidx.window:window:1.0.0-beta04] AndroidManifest.xml:28:9-30:40
105            android:name="androidx.window.sidecar"
105-->[androidx.window:window:1.0.0-beta04] AndroidManifest.xml:29:13-51
106            android:required="false" />
106-->[androidx.window:window:1.0.0-beta04] AndroidManifest.xml:30:13-37
107
108        <activity
108-->[com.google.android.gms:play-services-auth:16.0.1] AndroidManifest.xml:23:9-27:75
109            android:name="com.google.android.gms.auth.api.signin.internal.SignInHubActivity"
109-->[com.google.android.gms:play-services-auth:16.0.1] AndroidManifest.xml:24:13-93
110            android:excludeFromRecents="true"
110-->[com.google.android.gms:play-services-auth:16.0.1] AndroidManifest.xml:25:13-46
111            android:exported="false"
111-->[com.google.android.gms:play-services-auth:16.0.1] AndroidManifest.xml:26:13-37
112            android:theme="@android:style/Theme.Translucent.NoTitleBar" />
112-->[com.google.android.gms:play-services-auth:16.0.1] AndroidManifest.xml:27:13-72
113        <!--
114            Service handling Google Sign-In user revocation. For apps that do not integrate with
115            Google Sign-In, this service will never be started.
116        -->
117        <service
117-->[com.google.android.gms:play-services-auth:16.0.1] AndroidManifest.xml:33:9-36:110
118            android:name="com.google.android.gms.auth.api.signin.RevocationBoundService"
118-->[com.google.android.gms:play-services-auth:16.0.1] AndroidManifest.xml:34:13-89
119            android:exported="true"
119-->[com.google.android.gms:play-services-auth:16.0.1] AndroidManifest.xml:35:13-36
120            android:permission="com.google.android.gms.auth.api.signin.permission.REVOCATION_NOTIFICATION" />
120-->[com.google.android.gms:play-services-auth:16.0.1] AndroidManifest.xml:36:13-107
121
122        <activity
122-->[com.google.android.gms:play-services-base:17.0.0] AndroidManifest.xml:23:9-26:75
123            android:name="com.google.android.gms.common.api.GoogleApiActivity"
123-->[com.google.android.gms:play-services-base:17.0.0] AndroidManifest.xml:24:13-79
124            android:exported="false"
124-->[com.google.android.gms:play-services-base:17.0.0] AndroidManifest.xml:25:13-37
125            android:theme="@android:style/Theme.Translucent.NoTitleBar" />
125-->[com.google.android.gms:play-services-base:17.0.0] AndroidManifest.xml:26:13-72
126
127        <meta-data
127-->[com.google.android.gms:play-services-basement:17.0.0] AndroidManifest.xml:23:9-25:69
128            android:name="com.google.android.gms.version"
128-->[com.google.android.gms:play-services-basement:17.0.0] AndroidManifest.xml:24:13-58
129            android:value="@integer/google_play_services_version" />
129-->[com.google.android.gms:play-services-basement:17.0.0] AndroidManifest.xml:25:13-66
130
131        <provider
131-->[androidx.emoji2:emoji2:1.0.0] AndroidManifest.xml:26:9-34:20
132            android:name="androidx.startup.InitializationProvider"
132-->[androidx.emoji2:emoji2:1.0.0] AndroidManifest.xml:27:13-67
133            android:authorities="com.example.arcore_example.androidx-startup"
133-->[androidx.emoji2:emoji2:1.0.0] AndroidManifest.xml:28:13-68
134            android:exported="false" >
134-->[androidx.emoji2:emoji2:1.0.0] AndroidManifest.xml:29:13-37
135            <meta-data
135-->[androidx.emoji2:emoji2:1.0.0] AndroidManifest.xml:31:13-33:52
136                android:name="androidx.emoji2.text.EmojiCompatInitializer"
136-->[androidx.emoji2:emoji2:1.0.0] AndroidManifest.xml:32:17-75
137                android:value="androidx.startup" />
137-->[androidx.emoji2:emoji2:1.0.0] AndroidManifest.xml:33:17-49
138            <meta-data
138-->[androidx.lifecycle:lifecycle-process:2.4.0] AndroidManifest.xml:31:13-33:52
139                android:name="androidx.lifecycle.ProcessLifecycleInitializer"
139-->[androidx.lifecycle:lifecycle-process:2.4.0] AndroidManifest.xml:32:17-78
140                android:value="androidx.startup" />
140-->[androidx.lifecycle:lifecycle-process:2.4.0] AndroidManifest.xml:33:17-49
141        </provider>
142
143        <activity
143-->[com.journeyapps:zxing-android-embedded:4.3.0] AndroidManifest.xml:47:9-53:63
144            android:name="com.journeyapps.barcodescanner.CaptureActivity"
144-->[com.journeyapps:zxing-android-embedded:4.3.0] AndroidManifest.xml:48:13-74
145            android:clearTaskOnLaunch="true"
145-->[com.journeyapps:zxing-android-embedded:4.3.0] AndroidManifest.xml:49:13-45
146            android:screenOrientation="sensorLandscape"
146-->[com.journeyapps:zxing-android-embedded:4.3.0] AndroidManifest.xml:50:13-56
147            android:stateNotNeeded="true"
147-->[com.journeyapps:zxing-android-embedded:4.3.0] AndroidManifest.xml:51:13-42
148            android:theme="@style/zxing_CaptureTheme"
148-->[com.journeyapps:zxing-android-embedded:4.3.0] AndroidManifest.xml:52:13-54
149            android:windowSoftInputMode="stateAlwaysHidden" /> <!-- The minimal version code of ARCore APK required for an app using this SDK. -->
149-->[com.journeyapps:zxing-android-embedded:4.3.0] AndroidManifest.xml:53:13-60
150        <meta-data
150-->[com.google.ar:core:1.22.0] AndroidManifest.xml:36:9-38:41
151            android:name="com.google.ar.core.min_apk_version"
151-->[com.google.ar:core:1.22.0] AndroidManifest.xml:37:13-62
152            android:value="202940000" /> <!-- This activity is critical for installing ARCore when it is not already present. -->
152-->[com.google.ar:core:1.22.0] AndroidManifest.xml:38:13-38
153        <activity
153-->[com.google.ar:core:1.22.0] AndroidManifest.xml:40:9-46:80
154            android:name="com.google.ar.core.InstallActivity"
154-->[com.google.ar:core:1.22.0] AndroidManifest.xml:41:13-62
155            android:configChanges="keyboardHidden|orientation|screenSize"
155-->[com.google.ar:core:1.22.0] AndroidManifest.xml:42:13-74
156            android:excludeFromRecents="true"
156-->[com.google.ar:core:1.22.0] AndroidManifest.xml:43:13-46
157            android:exported="false"
157-->[com.google.ar:core:1.22.0] AndroidManifest.xml:44:13-37
158            android:launchMode="singleTop"
158-->[com.google.ar:core:1.22.0] AndroidManifest.xml:45:13-43
159            android:theme="@android:style/Theme.Material.Light.Dialog.Alert" />
159-->[com.google.ar:core:1.22.0] AndroidManifest.xml:46:13-77
160    </application>
161
162</manifest>